ISim log file
Running: C:\Users\Namit\Desktop\MIPS\MIPS_Proessor\MIPS_16_bit_Processor_tb_isim_beh.exe -intstyle ise -gui -tclbatch isim.cmd -wdb C:/Users/Namit/Desktop/MIPS/MIPS_Proessor/MIPS_16_bit_Processor_tb_isim_beh.wdb 
ISim P.20131013 (signature 0x7708f090)
WARNING: A WEBPACK license was found.
WARNING: Please use Xilinx License Configuration Manager to check out a full ISim license.
WARNING: ISim will run in Lite mode. Please refer to the ISim documentation for more information on the differences between the Lite and the Full version.
This is a Lite version of ISim.
WARNING: File "C:/Users/Namit/Desktop/MIPS/MIPS_Proessor/dataMemoryBlock.v" Line 23.  For instance p3/your_instance_name/, width 32 of formal port dina is not equal to width 16 of actual signal DM_data.
WARNING: File "C:/Users/Namit/Desktop/MIPS/MIPS_Proessor/dataMemoryBlock.v" Line 28.  For instance p3/your_instance_name/, width 32 of formal port douta is not equal to width 16 of actual signal DM_out.
Time resolution is 1 ps
# onerror resume
# wave add /
# run 1000 ns
Simulator is doing circuit initialization process.
 Block Memory Generator CORE Generator module loading initial data...
 Block Memory Generator data initialization complete.
Block Memory Generator CORE Generator module MIPS_16_bit_Processor_tb.uut.p1.your_instance_name.inst.\native_mem_module.blk_mem_gen_v7_3_inst  is using a behavioral model for simulation which will not precisely model memory collision behavior.
 Block Memory Generator CORE Generator module loading initial data...
 Block Memory Generator data initialization complete.
Block Memory Generator CORE Generator module MIPS_16_bit_Processor_tb.uut.p3.your_instance_name.inst.\native_mem_module.blk_mem_gen_v7_3_inst  is using a behavioral model for simulation which will not precisely model memory collision behavior.
Finished circuit initialization process.
