INFO:sim:172 - Generating IP...
Resolving generics for 'dataMemory'...
Applying external generics to 'dataMemory'...
Delivering associated files for 'dataMemory'...
Delivering EJava files for 'dataMemory'...
Generating implementation netlist for 'dataMemory'...
INFO:sim - Pre-processing HDL files for 'dataMemory'...
Running synthesis for 'dataMemory'
Running ngcbuild...
Writing VEO instantiation template for 'dataMemory'...
Writing Verilog behavioral simulation model for 'dataMemory'...
WARNING:sim - Overwriting existing file
   C:/Users/Namit/Desktop/MIPS/MIPS_Proessor/ipcore_dir/tmp/_cg/dataMemory/doc/b
   lk_mem_gen_v7_3_vinfo.html with file from view xilinx_documentation
Delivered 1 file into directory
C:/Users/Namit/Desktop/MIPS/MIPS_Proessor/ipcore_dir/tmp/_cg/dataMemory
Generating ASY schematic symbol...
INFO:sim:949 - Finished generation of ASY schematic symbol.
Generating SYM schematic symbol for 'dataMemory'...
Generating metadata file...
Generating ISE project file for 'dataMemory'...
Generating ISE project...
XCO file found: dataMemory.xco
XMDF file found: dataMemory_xmdf.tcl
Adding
C:/Users/Namit/Desktop/MIPS/MIPS_Proessor/ipcore_dir/tmp/_cg/dataMemory.asy
-view all -origin_type imported
Adding
C:/Users/Namit/Desktop/MIPS/MIPS_Proessor/ipcore_dir/tmp/_cg/dataMemory.ngc
-view all -origin_type created
Checking file
"C:/Users/Namit/Desktop/MIPS/MIPS_Proessor/ipcore_dir/tmp/_cg/dataMemory.ngc"
for project device match ...
File
"C:/Users/Namit/Desktop/MIPS/MIPS_Proessor/ipcore_dir/tmp/_cg/dataMemory.ngc"
device information matches project device.
Adding
C:/Users/Namit/Desktop/MIPS/MIPS_Proessor/ipcore_dir/tmp/_cg/dataMemory.sym
-view all -origin_type imported
Adding C:/Users/Namit/Desktop/MIPS/MIPS_Proessor/ipcore_dir/tmp/_cg/dataMemory.v
-view all -origin_type created
INFO:HDLCompiler:1845 - Analyzing Verilog file
   "C:/Users/Namit/Desktop/MIPS/MIPS_Proessor/ipcore_dir/tmp/_cg/dataMemory.v"
   into library work
INFO:ProjectMgmt - Parsing design hierarchy completed successfully.
Adding
C:/Users/Namit/Desktop/MIPS/MIPS_Proessor/ipcore_dir/tmp/_cg/dataMemory.veo
-view all -origin_type imported
INFO:TclTasksC:2116 - The automatic calculation of top has been turned-off.
   Please set the new top explicitly by running the "project set top" command.
   To re-calculate the new top automatically, set the "Auto Implementation Top"
   property to true.
Top level has been set to "/dataMemory"
Generating README file...
Generating FLIST file...
INFO:sim:948 - Finished FLIST file generation.
Launching README viewer...
Moving files to output directory...
Finished moving files to output directory
Wrote CGP file for project 'dataMemory'.
